<?xml version="1.0" encoding="UTF-8"?>
<!-- Generated by org.testng.reporters.JUnitXMLReporter -->
<testsuite hostname="LAPTOP-T2DQGLQT" ignored="0" name="ComprePriceTest" tests="3" failures="1" timestamp="08 Nov 2020 13:03:04 GMT" time="38.058" errors="0">
  <testcase name="getPriceAmazon" time="17.46" classname="com.zestmoney.compare.ComparePriceTest">
    <failure type="java.lang.ArrayIndexOutOfBoundsException" message="1">
      <![CDATA[java.lang.ArrayIndexOutOfBoundsException: 1
at com.zestmoney.compare.ComparePriceTest.getPriceAmazon(ComparePriceTest.java:41)
... Removed 25 stack frames]]>
    </failure>
  </testcase> <!-- getPriceAmazon -->
  <testcase name="getPriceFlipKart" time="14.118" classname="com.zestmoney.compare.ComparePriceTest"/>
  <testcase name="compare" time="0.003" classname="com.zestmoney.compare.ComparePriceTest"/>
</testsuite> <!-- ComprePriceTest -->
