<?xml version="1.0" encoding="UTF-8"?>
<!-- Generated by org.testng.reporters.JUnitXMLReporter -->
<testsuite hostname="LAPTOP-T2DQGLQT" ignored="0" name="FacebookPostTest" tests="2" failures="1" timestamp="08 Nov 2020 13:05:18 GMT" time="133.336" errors="0">
  <testcase name="facebookLogin" time="8.81" classname="com.zestmoney.facebook.FacebookTest"/>
  <testcase name="facebookPost" time="120.119" classname="com.zestmoney.facebook.FacebookTest">
    <failure type="java.lang.AssertionError" message="Login failed in facebook expected [true] but found [false]">
      <![CDATA[java.lang.AssertionError: Login failed in facebook expected [true] but found [false]
at com.zestmoney.facebook.FacebookTest.facebookPost(FacebookTest.java:46)
... Removed 28 stack frames]]>
    </failure>
  </testcase> <!-- facebookPost -->
</testsuite> <!-- FacebookPostTest -->
