<?xml version="1.0" encoding="UTF-8"?>
<!-- Generated by org.testng.reporters.JUnitXMLReporter -->
<testsuite hostname="LIN25000328" ignored="0" name="FacebookPostTest" tests="2" failures="1" timestamp="18 Oct 2020 09:14:19 GMT" time="130.733" errors="0">
  <testcase name="facebookLogin" time="8.546" classname="com.zestmoney.facebook.FacebookTest"/>
  <testcase name="facebookPost" time="120.139" classname="com.zestmoney.facebook.FacebookTest">
    <failure type="java.lang.AssertionError" message="Login failed in facebook expected [true] but found [false]">
      <![CDATA[java.lang.AssertionError: Login failed in facebook expected [true] but found [false]
at com.zestmoney.facebook.FacebookTest.facebookPost(FacebookTest.java:46)
... Removed 28 stack frames]]>
    </failure>
  </testcase> <!-- facebookPost -->
</testsuite> <!-- FacebookPostTest -->
